running egg_info
creating ../../build/sig_stack/sig_stack.egg-info
writing ../../build/sig_stack/sig_stack.egg-info/PKG-INFO
writing dependency_links to ../../build/sig_stack/sig_stack.egg-info/dependency_links.txt
writing entry points to ../../build/sig_stack/sig_stack.egg-info/entry_points.txt
writing requirements to ../../build/sig_stack/sig_stack.egg-info/requires.txt
writing top-level names to ../../build/sig_stack/sig_stack.egg-info/top_level.txt
writing manifest file '../../build/sig_stack/sig_stack.egg-info/SOURCES.txt'
reading manifest file '../../build/sig_stack/sig_stack.egg-info/SOURCES.txt'
writing manifest file '../../build/sig_stack/sig_stack.egg-info/SOURCES.txt'
running build
running build_py
creating /root/ws/build/sig_stack/build
creating /root/ws/build/sig_stack/build/lib
creating /root/ws/build/sig_stack/build/lib/sig_stack
copying sig_stack/__init__.py -> /root/ws/build/sig_stack/build/lib/sig_stack
running install
running install_lib
creating /root/ws/install/sig_stack/lib/python3.10/site-packages/sig_stack
copying /root/ws/build/sig_stack/build/lib/sig_stack/__init__.py -> /root/ws/install/sig_stack/lib/python3.10/site-packages/sig_stack
byte-compiling /root/ws/install/sig_stack/lib/python3.10/site-packages/sig_stack/__init__.py to __init__.cpython-310.pyc
running install_data
creating /root/ws/install/sig_stack/share/ament_index
creating /root/ws/install/sig_stack/share/ament_index/resource_index
creating /root/ws/install/sig_stack/share/ament_index/resource_index/packages
copying resource/sig_stack -> /root/ws/install/sig_stack/share/ament_index/resource_index/packages
copying package.xml -> /root/ws/install/sig_stack/share/sig_stack
running install_egg_info
Copying ../../build/sig_stack/sig_stack.egg-info to /root/ws/install/sig_stack/lib/python3.10/site-packages/sig_stack-0.0.0-py3.10.egg-info
running install_scripts
writing list of installed files to '/root/ws/build/sig_stack/install.log'
