[0.226s] Invoking command in '/root/ws/src/sig_stack': PYTHONPATH=/root/ws/build/sig_stack/prefix_override:/usr/lib/python3/dist-packages/colcon_core/task/python/colcon_distutils_commands:/root/ws/install/sig_stack/lib/python3.10/site-packages:${PYTHONPATH} /usr/bin/python3 -W ignore:setup.py install is deprecated -W ignore:easy_install command is deprecated setup.py egg_info --egg-base ../../build/sig_stack build --build-base /root/ws/build/sig_stack/build install --record /root/ws/build/sig_stack/install.log --single-version-externally-managed install_data
[0.314s] running egg_info
[0.314s] creating ../../build/sig_stack/sig_stack.egg-info
[0.314s] writing ../../build/sig_stack/sig_stack.egg-info/PKG-INFO
[0.314s] writing dependency_links to ../../build/sig_stack/sig_stack.egg-info/dependency_links.txt
[0.314s] writing entry points to ../../build/sig_stack/sig_stack.egg-info/entry_points.txt
[0.314s] writing requirements to ../../build/sig_stack/sig_stack.egg-info/requires.txt
[0.314s] writing top-level names to ../../build/sig_stack/sig_stack.egg-info/top_level.txt
[0.314s] writing manifest file '../../build/sig_stack/sig_stack.egg-info/SOURCES.txt'
[0.315s] reading manifest file '../../build/sig_stack/sig_stack.egg-info/SOURCES.txt'
[0.315s] writing manifest file '../../build/sig_stack/sig_stack.egg-info/SOURCES.txt'
[0.315s] running build
[0.315s] running build_py
[0.315s] creating /root/ws/build/sig_stack/build
[0.316s] creating /root/ws/build/sig_stack/build/lib
[0.316s] creating /root/ws/build/sig_stack/build/lib/sig_stack
[0.316s] copying sig_stack/__init__.py -> /root/ws/build/sig_stack/build/lib/sig_stack
[0.316s] running install
[0.316s] running install_lib
[0.316s] creating /root/ws/install/sig_stack/lib/python3.10/site-packages/sig_stack
[0.316s] copying /root/ws/build/sig_stack/build/lib/sig_stack/__init__.py -> /root/ws/install/sig_stack/lib/python3.10/site-packages/sig_stack
[0.316s] byte-compiling /root/ws/install/sig_stack/lib/python3.10/site-packages/sig_stack/__init__.py to __init__.cpython-310.pyc
[0.317s] running install_data
[0.317s] creating /root/ws/install/sig_stack/share/ament_index
[0.317s] creating /root/ws/install/sig_stack/share/ament_index/resource_index
[0.317s] creating /root/ws/install/sig_stack/share/ament_index/resource_index/packages
[0.317s] copying resource/sig_stack -> /root/ws/install/sig_stack/share/ament_index/resource_index/packages
[0.317s] copying package.xml -> /root/ws/install/sig_stack/share/sig_stack
[0.317s] running install_egg_info
[0.317s] Copying ../../build/sig_stack/sig_stack.egg-info to /root/ws/install/sig_stack/lib/python3.10/site-packages/sig_stack-0.0.0-py3.10.egg-info
[0.318s] running install_scripts
[0.327s] writing list of installed files to '/root/ws/build/sig_stack/install.log'
[0.337s] Invoked command in '/root/ws/src/sig_stack' returned '0': PYTHONPATH=/root/ws/build/sig_stack/prefix_override:/usr/lib/python3/dist-packages/colcon_core/task/python/colcon_distutils_commands:/root/ws/install/sig_stack/lib/python3.10/site-packages:${PYTHONPATH} /usr/bin/python3 -W ignore:setup.py install is deprecated -W ignore:easy_install command is deprecated setup.py egg_info --egg-base ../../build/sig_stack build --build-base /root/ws/build/sig_stack/build install --record /root/ws/build/sig_stack/install.log --single-version-externally-managed install_data
