[0.226s] Invoking command in '/root/ws/src/sig_stack': PYTHONPATH=/root/ws/build/sig_stack/prefix_override:/usr/lib/python3/dist-packages/colcon_core/task/python/colcon_distutils_commands:/root/ws/install/sig_stack/lib/python3.10/site-packages:${PYTHONPATH} /usr/bin/python3 -W ignore:setup.py install is deprecated -W ignore:easy_install command is deprecated setup.py egg_info --egg-base ../../build/sig_stack build --build-base /root/ws/build/sig_stack/build install --record /root/ws/build/sig_stack/install.log --single-version-externally-managed install_data
[0.319s] running egg_info
[0.320s] writing ../../build/sig_stack/sig_stack.egg-info/PKG-INFO
[0.320s] writing dependency_links to ../../build/sig_stack/sig_stack.egg-info/dependency_links.txt
[0.320s] writing entry points to ../../build/sig_stack/sig_stack.egg-info/entry_points.txt
[0.320s] writing requirements to ../../build/sig_stack/sig_stack.egg-info/requires.txt
[0.320s] writing top-level names to ../../build/sig_stack/sig_stack.egg-info/top_level.txt
[0.321s] reading manifest file '../../build/sig_stack/sig_stack.egg-info/SOURCES.txt'
[0.321s] writing manifest file '../../build/sig_stack/sig_stack.egg-info/SOURCES.txt'
[0.321s] running build
[0.321s] running build_py
[0.321s] running install
[0.321s] running install_lib
[0.322s] running install_data
[0.322s] running install_egg_info
[0.323s] removing '/root/ws/install/sig_stack/lib/python3.10/site-packages/sig_stack-0.0.0-py3.10.egg-info' (and everything under it)
[0.323s] Copying ../../build/sig_stack/sig_stack.egg-info to /root/ws/install/sig_stack/lib/python3.10/site-packages/sig_stack-0.0.0-py3.10.egg-info
[0.323s] running install_scripts
[0.333s] writing list of installed files to '/root/ws/build/sig_stack/install.log'
[0.343s] Invoked command in '/root/ws/src/sig_stack' returned '0': PYTHONPATH=/root/ws/build/sig_stack/prefix_override:/usr/lib/python3/dist-packages/colcon_core/task/python/colcon_distutils_commands:/root/ws/install/sig_stack/lib/python3.10/site-packages:${PYTHONPATH} /usr/bin/python3 -W ignore:setup.py install is deprecated -W ignore:easy_install command is deprecated setup.py egg_info --egg-base ../../build/sig_stack build --build-base /root/ws/build/sig_stack/build install --record /root/ws/build/sig_stack/install.log --single-version-externally-managed install_data
